<?xml version="1.0" encoding="UTF-8"?>
<testsuite name="baseline.Solution38Test" tests="1" skipped="0" failures="0" errors="0" timestamp="2021-10-07T02:34:25" hostname="PARKER-DESKTOP" time="0.012">
  <properties/>
  <testcase name="Testing filterEvenNumbers()" classname="baseline.Solution38Test" time="0.012"/>
  <system-out><![CDATA[]]></system-out>
  <system-err><![CDATA[]]></system-err>
</testsuite>
