<?xml version="1.0" encoding="UTF-8"?>
<testsuite name="baseline.Solution29Test" tests="1" skipped="0" failures="0" errors="0" timestamp="2021-10-06T06:31:41" hostname="PARKER-DESKTOP" time="0.014">
  <properties/>
  <testcase name="Testing isValid()" classname="baseline.Solution29Test" time="0.014"/>
  <system-out><![CDATA[Sorry. That's not a valid input.
Sorry. That's not a valid input.
Sorry. That's not a valid input.
]]></system-out>
  <system-err><![CDATA[]]></system-err>
</testsuite>
