<?xml version="1.0" encoding="UTF-8"?>
<testsuite name="baseline.Solution39Test" tests="1" skipped="0" failures="0" errors="0" timestamp="2021-10-07T04:54:33" hostname="PARKER-DESKTOP" time="0.011">
  <properties/>
  <testcase name="Testing isValid()" classname="baseline.Solution39Test" time="0.011"/>
  <system-out><![CDATA[]]></system-out>
  <system-err><![CDATA[]]></system-err>
</testsuite>
